<?xml version="1.0" encoding="UTF-8"?>
<!-- Generated by org.testng.reporters.JUnitXMLReporter -->
<testsuite hostname="ADMIN" ignored="0" name="Login test" tests="1" failures="1" timestamp="05 Apr 2020 17:08:52 GMT" time="28.389" errors="0">
  <testcase name="loginTest" time="6.304" classname="com.Inetbanking.testCases.TC_LoginTest_001">
    <failure type="junit.framework.AssertionFailedError">
      <![CDATA[junit.framework.AssertionFailedError
at junit.framework.Assert.fail(Assert.java:47)
at junit.framework.Assert.assertTrue(Assert.java:20)
at junit.framework.Assert.assertTrue(Assert.java:27)
at com.Inetbanking.testCases.TC_LoginTest_001.loginTest(TC_LoginTest_001.java:37)
... Removed 25 stack frames]]>
    </failure>
  </testcase> <!-- loginTest -->
</testsuite> <!-- Login test -->
